Instance of chrome browser created
Navigating to : http://www.parker.com
Instance of chrome browser created
Navigating to : http://www.parker.com
Instance of chrome browser created
Navigating to : http://www.parker.com
Instance of chrome browser created
Navigating to : http://www.parker.com
Instance of chrome browser created
Navigating to : http://www.parker.com
Instance of chrome browser created
Navigating to : http://www.parker.com
Checking availability of parker Logo
Instance of chrome browser created
Navigating to : http://www.parker.com
Instance of chrome browser created
Navigating to : http://www.parker.com
Checking availability of Inquiry Section
Instance of chrome browser created
Navigating to : http://www.parker.com
Instance of chrome browser created
Navigating to : http://www.parker.com
Checking availability of chat section
Instance of chrome browser created
Navigating to : http://www.parker.com
Checking availability of chat section
Instance of chrome browser created
Navigating to : http://www.parker.com
Checking availability of chat section
Instance of chrome browser created
Navigating to : http://www.parker.com
Checking availability of chat section
Instance of chrome browser created
Navigating to : http://www.parker.com
Instance of chrome browser created
Navigating to : http://www.parker.com
Instance of chrome browser created
Navigating to : http://www.parker.com
Instance of chrome browser created
Navigating to : http://www.parker.com
Instance of chrome browser created
Navigating to : http://www.parker.com
